<?xml version="1.0" encoding="UTF-8"?>
<testsuite name="Test" tests="25" skipped="0" failures="0" errors="0" timestamp="2023-12-06T17:45:15" hostname="McBkPr14M1Pr20vi5.local" time="0.461">
  <properties/>
  <testcase name="testSolution()" classname="Test" time="0.203"/>
  <testcase name="[1] ABCD, false" classname="Test" time="0.028"/>
  <testcase name="[2] abc, false" classname="Test" time="0.001"/>
  <testcase name="[3] 1, false" classname="Test" time="0.001"/>
  <testcase name="[4] 1a, false" classname="Test" time="0.001"/>
  <testcase name="[5] , false" classname="Test" time="0.0"/>
  <testcase name="[1] BOOK, A, _ _ _ _, null" classname="Test" time="0.002"/>
  <testcase name="[2] BOOK, A, _ O O _, null" classname="Test" time="0.0"/>
  <testcase name="[3] BOOK, A, _ _ _ K, null" classname="Test" time="0.0"/>
  <testcase name="[4] BOOK, B, _ _ _ _, B _ _ _" classname="Test" time="0.001"/>
  <testcase name="[5] BOOK, B, _ O O _ , B O O _" classname="Test" time="0.001"/>
  <testcase name="[6] BOOK, K, _ _ _ K, null" classname="Test" time="0.0"/>
  <testcase name="testGameImitation()" classname="Test" time="0.001"/>
  <testcase name="[1] TestMethod(name=isCorrectInput, returnType=TestKotlinType(type=Boolean, abbreviation=null, isNullable=false, params=[]), arguments=[TestVariable(name=userInput, javaType=String, value=null, kotlinType=null, visibility=null, mutability=null, isInPrimaryConstructor=false, isStatic=false, isConst=false)], returnTypeJava=null, visibility=PUBLIC, hasGeneratedPartInName=false)" classname="Test" time="0.174"/>
  <testcase name="[2] TestMethod(name=safeUserInput, returnType=TestKotlinType(type=Char, abbreviation=null, isNullable=false, params=[]), arguments=[], returnTypeJava=null, visibility=PUBLIC, hasGeneratedPartInName=false)" classname="Test" time="0.001"/>
  <testcase name="[3] TestMethod(name=generateNewUserWord, returnType=TestKotlinType(type=String, abbreviation=null, isNullable=false, params=[]), arguments=[TestVariable(name=secret, javaType=String, value=null, kotlinType=null, visibility=null, mutability=null, isInPrimaryConstructor=false, isStatic=false, isConst=false), TestVariable(name=guess, javaType=Char, value=null, kotlinType=null, visibility=null, mutability=null, isInPrimaryConstructor=false, isStatic=false, isConst=false), TestVariable(name=currentUserWord, javaTyp…" classname="Test" time="0.0"/>
  <testcase name="[4] TestMethod(name=isComplete, returnType=TestKotlinType(type=Boolean, abbreviation=null, isNullable=false, params=[]), arguments=[TestVariable(name=secret, javaType=String, value=null, kotlinType=null, visibility=null, mutability=null, isInPrimaryConstructor=false, isStatic=false, isConst=false), TestVariable(name=currentGuess, javaType=String, value=null, kotlinType=null, visibility=null, mutability=null, isInPrimaryConstructor=false, isStatic=false, isConst=false)], returnTypeJava=null, visibility=PUBLIC, …" classname="Test" time="0.001"/>
  <testcase name="[1] [AB, abc, 1, b], B" classname="Test" time="0.0"/>
  <testcase name="[2] [b], B" classname="Test" time="0.0"/>
  <testcase name="[3] [AB, abc, 1, b, c], B" classname="Test" time="0.0"/>
  <testcase name="[4] [AB, abc, 1, b, c1d], B" classname="Test" time="0.001"/>
  <testcase name="[5] [b, c], B" classname="Test" time="0.0"/>
  <testcase name="[1] BOOK, _ _ _ _, false" classname="Test" time="0.002"/>
  <testcase name="[2] BOOK, _ O O _ , false" classname="Test" time="0.001"/>
  <testcase name="[3] BOOK, B O O K, true" classname="Test" time="0.001"/>
  <system-out><![CDATA[]]></system-out>
  <system-err><![CDATA[]]></system-err>
</testsuite>
