<?xml version="1.0" encoding="UTF-8"?>
<testsuite name="Test" tests="82" skipped="0" failures="0" errors="0" timestamp="2023-12-07T15:11:45" hostname="McBkPr14M1Pr20vi5.local" time="0.355">
  <properties/>
  <testcase name="testTrimPictureFunction()" classname="Test" time="0.176"/>
  <testcase name="[1] simba&#10;, true, &#10;    ┈╱▔╲▂╱╱╱╱▂╱▔╲┈┈&#10;    ▕▔╲┈╱▔╲┈┈╱╲╱▔▏┈&#10;    ▕▏┈▏╱▉╲┈┈╱▉╲▕▏┈&#10;    ┈╲▃▏▔▔▔╲▂▂▂▕╱┈┈&#10;    ┈┈┈▏┊┊┳┊╲▂╱┳▏┈┈&#10;    ┈┈▕╲▂┊╰━━┻━╱┈┈┈&#10;    ┈┈╱┈┈▔▔╲▂▂╱╲┈┈┈&#10;" classname="Test" time="0.034"/>
  <testcase name="[2] simba&#10;simba&#10;, false, &#10;    ┈╱▔╲▂╱╱╱╱▂╱▔╲┈┈&#10;    ▕▔╲┈╱▔╲┈┈╱╲╱▔▏┈&#10;    ▕▏┈▏╱▉╲┈┈╱▉╲▕▏┈&#10;    ┈╲▃▏▔▔▔╲▂▂▂▕╱┈┈&#10;    ┈┈┈▏┊┊┳┊╲▂╱┳▏┈┈&#10;    ┈┈▕╲▂┊╰━━┻━╱┈┈┈&#10;    ┈┈╱┈┈▔▔╲▂▂╱╲┈┈┈&#10;" classname="Test" time="0.001"/>
  <testcase name="[3] simba1&#10;simba&#10;, true, &#10;    ┈╱▔╲▂╱╱╱╱▂╱▔╲┈┈&#10;    ▕▔╲┈╱▔╲┈┈╱╲╱▔▏┈&#10;    ▕▏┈▏╱▉╲┈┈╱▉╲▕▏┈&#10;    ┈╲▃▏▔▔▔╲▂▂▂▕╱┈┈&#10;    ┈┈┈▏┊┊┳┊╲▂╱┳▏┈┈&#10;    ┈┈▕╲▂┊╰━━┻━╱┈┈┈&#10;    ┈┈╱┈┈▔▔╲▂▂╱╲┈┈┈&#10;" classname="Test" time="0.001"/>
  <testcase name="[1] SPONGE_BOB" classname="Test" time="0.008"/>
  <testcase name="[2] SIMBA" classname="Test" time="0.001"/>
  <testcase name="[3] BRIAN_GRIFFIN" classname="Test" time="0.0"/>
  <testcase name="[4] CAT" classname="Test" time="0.001"/>
  <testcase name="[5] PIG" classname="Test" time="0.001"/>
  <testcase name="[6] FOX" classname="Test" time="0.001"/>
  <testcase name="[7] MONKEY" classname="Test" time="0.001"/>
  <testcase name="[8] ELEPHANT" classname="Test" time="0.001"/>
  <testcase name="[9] ANDROID" classname="Test" time="0.001"/>
  <testcase name="[10] APPLE" classname="Test" time="0.001"/>
  <testcase name="[11] CUSTOM" classname="Test" time="0.0"/>
  <testcase name="testChoosePictureFunction()" classname="Test" time="0.007"/>
  <testcase name="testChooseFilterFunction()" classname="Test" time="0.001"/>
  <testcase name="testGetPictureFunction()" classname="Test" time="0.001"/>
  <testcase name="[1] SPONGE_BOB" classname="Test" time="0.0"/>
  <testcase name="[2] SIMBA" classname="Test" time="0.0"/>
  <testcase name="[3] BRIAN_GRIFFIN" classname="Test" time="0.001"/>
  <testcase name="[4] CAT" classname="Test" time="0.001"/>
  <testcase name="[5] PIG" classname="Test" time="0.0"/>
  <testcase name="[6] FOX" classname="Test" time="0.0"/>
  <testcase name="[7] MONKEY" classname="Test" time="0.001"/>
  <testcase name="[8] ELEPHANT" classname="Test" time="0.0"/>
  <testcase name="[9] ANDROID" classname="Test" time="0.0"/>
  <testcase name="[10] APPLE" classname="Test" time="0.001"/>
  <testcase name="[11] CUSTOM" classname="Test" time="0.0"/>
  <testcase name="testApplyBordersFilterFunction()" classname="Test" time="0.001"/>
  <testcase name="[1] SPONGE_BOB" classname="Test" time="0.0"/>
  <testcase name="[2] SIMBA" classname="Test" time="0.0"/>
  <testcase name="[3] BRIAN_GRIFFIN" classname="Test" time="0.0"/>
  <testcase name="[4] CAT" classname="Test" time="0.0"/>
  <testcase name="[5] PIG" classname="Test" time="0.001"/>
  <testcase name="[6] FOX" classname="Test" time="0.0"/>
  <testcase name="[7] MONKEY" classname="Test" time="0.001"/>
  <testcase name="[8] ELEPHANT" classname="Test" time="0.0"/>
  <testcase name="[9] ANDROID" classname="Test" time="0.0"/>
  <testcase name="[10] APPLE" classname="Test" time="0.0"/>
  <testcase name="[11] CUSTOM" classname="Test" time="0.0"/>
  <testcase name="[1] yes&#10;simba&#10;, true, &#10;    ┈╱▔╲▂╱╱╱╱▂╱▔╲┈┈&#10;    ▕▔╲┈╱▔╲┈┈╱╲╱▔▏┈&#10;    ▕▏┈▏╱▉╲┈┈╱▉╲▕▏┈&#10;    ┈╲▃▏▔▔▔╲▂▂▂▕╱┈┈&#10;    ┈┈┈▏┊┊┳┊╲▂╱┳▏┈┈&#10;    ┈┈▕╲▂┊╰━━┻━╱┈┈┈&#10;    ┈┈╱┈┈▔▔╲▂▂╱╲┈┈┈&#10;" classname="Test" time="0.001"/>
  <testcase name="[2] yes&#10;simba&#10;simba&#10;, false, &#10;    ┈╱▔╲▂╱╱╱╱▂╱▔╲┈┈&#10;    ▕▔╲┈╱▔╲┈┈╱╲╱▔▏┈&#10;    ▕▏┈▏╱▉╲┈┈╱▉╲▕▏┈&#10;    ┈╲▃▏▔▔▔╲▂▂▂▕╱┈┈&#10;    ┈┈┈▏┊┊┳┊╲▂╱┳▏┈┈&#10;    ┈┈▕╲▂┊╰━━┻━╱┈┈┈&#10;    ┈┈╱┈┈▔▔╲▂▂╱╲┈┈┈&#10;" classname="Test" time="0.001"/>
  <testcase name="[3] yes&#10;simba1&#10;simba&#10;, true, &#10;    ┈╱▔╲▂╱╱╱╱▂╱▔╲┈┈&#10;    ▕▔╲┈╱▔╲┈┈╱╲╱▔▏┈&#10;    ▕▏┈▏╱▉╲┈┈╱▉╲▕▏┈&#10;    ┈╲▃▏▔▔▔╲▂▂▂▕╱┈┈&#10;    ┈┈┈▏┊┊┳┊╲▂╱┳▏┈┈&#10;    ┈┈▕╲▂┊╰━━┻━╱┈┈┈&#10;    ┈┈╱┈┈▔▔╲▂▂╱╲┈┈┈&#10;" classname="Test" time="0.0"/>
  <testcase name="[4] yess&#10;yes&#10;simba&#10;, true, &#10;    ┈╱▔╲▂╱╱╱╱▂╱▔╲┈┈&#10;    ▕▔╲┈╱▔╲┈┈╱╲╱▔▏┈&#10;    ▕▏┈▏╱▉╲┈┈╱▉╲▕▏┈&#10;    ┈╲▃▏▔▔▔╲▂▂▂▕╱┈┈&#10;    ┈┈┈▏┊┊┳┊╲▂╱┳▏┈┈&#10;    ┈┈▕╲▂┊╰━━┻━╱┈┈┈&#10;    ┈┈╱┈┈▔▔╲▂▂╱╲┈┈┈&#10;" classname="Test" time="0.0"/>
  <testcase name="[5] yess&#10;yes&#10;simba&#10;simba&#10;, false, &#10;    ┈╱▔╲▂╱╱╱╱▂╱▔╲┈┈&#10;    ▕▔╲┈╱▔╲┈┈╱╲╱▔▏┈&#10;    ▕▏┈▏╱▉╲┈┈╱▉╲▕▏┈&#10;    ┈╲▃▏▔▔▔╲▂▂▂▕╱┈┈&#10;    ┈┈┈▏┊┊┳┊╲▂╱┳▏┈┈&#10;    ┈┈▕╲▂┊╰━━┻━╱┈┈┈&#10;    ┈┈╱┈┈▔▔╲▂▂╱╲┈┈┈&#10;" classname="Test" time="0.0"/>
  <testcase name="[6] yess&#10;yes&#10;simba1&#10;simba&#10;, true, &#10;    ┈╱▔╲▂╱╱╱╱▂╱▔╲┈┈&#10;    ▕▔╲┈╱▔╲┈┈╱╲╱▔▏┈&#10;    ▕▏┈▏╱▉╲┈┈╱▉╲▕▏┈&#10;    ┈╲▃▏▔▔▔╲▂▂▂▕╱┈┈&#10;    ┈┈┈▏┊┊┳┊╲▂╱┳▏┈┈&#10;    ┈┈▕╲▂┊╰━━┻━╱┈┈┈&#10;    ┈┈╱┈┈▔▔╲▂▂╱╲┈┈┈&#10;" classname="Test" time="0.0"/>
  <testcase name="[7] no&#10;^_^&#10;, true, ^_^" classname="Test" time="0.001"/>
  <testcase name="[8] no&#10;^_^&#10;^_^&#10;, false, ^_^" classname="Test" time="0.0"/>
  <testcase name="[9] yess&#10;no&#10;^_^&#10;, true, ^_^" classname="Test" time="0.0"/>
  <testcase name="[10] yess&#10;no&#10;^_^&#10;^_^&#10;, false, ^_^" classname="Test" time="0.001"/>
  <testcase name="testApplySquaredFilterFunction()" classname="Test" time="0.0"/>
  <testcase name="[1] SPONGE_BOB" classname="Test" time="0.001"/>
  <testcase name="[2] SIMBA" classname="Test" time="0.001"/>
  <testcase name="[3] BRIAN_GRIFFIN" classname="Test" time="0.0"/>
  <testcase name="[4] CAT" classname="Test" time="0.0"/>
  <testcase name="[5] PIG" classname="Test" time="0.0"/>
  <testcase name="[6] FOX" classname="Test" time="0.0"/>
  <testcase name="[7] MONKEY" classname="Test" time="0.001"/>
  <testcase name="[8] ELEPHANT" classname="Test" time="0.001"/>
  <testcase name="[9] ANDROID" classname="Test" time="0.0"/>
  <testcase name="[10] APPLE" classname="Test" time="0.001"/>
  <testcase name="[11] CUSTOM" classname="Test" time="0.001"/>
  <testcase name="[1] SPONGE_BOB" classname="Test" time="0.001"/>
  <testcase name="[2] SIMBA" classname="Test" time="0.001"/>
  <testcase name="[3] BRIAN_GRIFFIN" classname="Test" time="0.0"/>
  <testcase name="[4] CAT" classname="Test" time="0.0"/>
  <testcase name="[5] PIG" classname="Test" time="0.001"/>
  <testcase name="[6] FOX" classname="Test" time="0.0"/>
  <testcase name="[7] MONKEY" classname="Test" time="0.001"/>
  <testcase name="[8] ELEPHANT" classname="Test" time="0.0"/>
  <testcase name="[9] ANDROID" classname="Test" time="0.001"/>
  <testcase name="[10] APPLE" classname="Test" time="0.0"/>
  <testcase name="[11] CUSTOM" classname="Test" time="0.0"/>
  <testcase name="[1] borders&#10;, true, borders" classname="Test" time="0.0"/>
  <testcase name="[2] borders&#10;borders&#10;, false, borders" classname="Test" time="0.0"/>
  <testcase name="[3] squared&#10;, true, squared" classname="Test" time="0.001"/>
  <testcase name="[4] squared&#10;squared&#10;, false, squared" classname="Test" time="0.0"/>
  <testcase name="[5] squared1&#10;squared&#10;, true, squared" classname="Test" time="0.001"/>
  <testcase name="[6] borders1&#10;borders&#10;, true, borders" classname="Test" time="0.0"/>
  <testcase name="testSafeReadLineFunction()" classname="Test" time="0.006"/>
  <testcase name="testApplyFilterFunction()" classname="Test" time="0.001"/>
  <system-out><![CDATA[Please, choose a picture. The possible options: spongeBob, simba, brianGriffin, cat, pig, fox, monkey, elephant, android, apple
Please, choose a picture. The possible options: spongeBob, simba, brianGriffin, cat, pig, fox, monkey, elephant, android, apple
Please, choose a picture. The possible options: spongeBob, simba, brianGriffin, cat, pig, fox, monkey, elephant, android, apple
Please, choose a picture. The possible options: spongeBob, simba, brianGriffin, cat, pig, fox, monkey, elephant, android, apple
Do you want to use a pre-defined picture or use a custom one? Please, input 'yes' for a pre-defined image or 'no' for a custom one
Please, choose a picture. The possible options: spongeBob, simba, brianGriffin, cat, pig, fox, monkey, elephant, android, apple
Do you want to use a pre-defined picture or use a custom one? Please, input 'yes' for a pre-defined image or 'no' for a custom one
Please, choose a picture. The possible options: spongeBob, simba, brianGriffin, cat, pig, fox, monkey, elephant, android, apple
Do you want to use a pre-defined picture or use a custom one? Please, input 'yes' for a pre-defined image or 'no' for a custom one
Please, choose a picture. The possible options: spongeBob, simba, brianGriffin, cat, pig, fox, monkey, elephant, android, apple
Please, choose a picture. The possible options: spongeBob, simba, brianGriffin, cat, pig, fox, monkey, elephant, android, apple
Do you want to use a pre-defined picture or use a custom one? Please, input 'yes' for a pre-defined image or 'no' for a custom one
Please, input 'yes' or 'no'
Please, choose a picture. The possible options: spongeBob, simba, brianGriffin, cat, pig, fox, monkey, elephant, android, apple
Do you want to use a pre-defined picture or use a custom one? Please, input 'yes' for a pre-defined image or 'no' for a custom one
Please, input 'yes' or 'no'
Please, choose a picture. The possible options: spongeBob, simba, brianGriffin, cat, pig, fox, monkey, elephant, android, apple
Do you want to use a pre-defined picture or use a custom one? Please, input 'yes' for a pre-defined image or 'no' for a custom one
Please, input 'yes' or 'no'
Please, choose a picture. The possible options: spongeBob, simba, brianGriffin, cat, pig, fox, monkey, elephant, android, apple
Please, choose a picture. The possible options: spongeBob, simba, brianGriffin, cat, pig, fox, monkey, elephant, android, apple
Do you want to use a pre-defined picture or use a custom one? Please, input 'yes' for a pre-defined image or 'no' for a custom one
Do you want to use a pre-defined picture or use a custom one? Please, input 'yes' for a pre-defined image or 'no' for a custom one
Do you want to use a pre-defined picture or use a custom one? Please, input 'yes' for a pre-defined image or 'no' for a custom one
Please, input 'yes' or 'no'
Do you want to use a pre-defined picture or use a custom one? Please, input 'yes' for a pre-defined image or 'no' for a custom one
Please, input 'yes' or 'no'
Please choose the filter: 'borders' or 'squared'.
Please choose the filter: 'borders' or 'squared'.
Please choose the filter: 'borders' or 'squared'.
Please choose the filter: 'borders' or 'squared'.
Please choose the filter: 'borders' or 'squared'.
Please input 'borders' or 'squared'
Please choose the filter: 'borders' or 'squared'.
Please input 'borders' or 'squared'
]]></system-out>
  <system-err><![CDATA[]]></system-err>
</testsuite>
