<?xml version="1.0" encoding="UTF-8"?>
<testsuite name="Test" tests="57" skipped="0" failures="0" errors="0" timestamp="2023-12-05T16:15:08" hostname="McBkPr14M1Pr20vi5.local" time="0.272">
  <properties/>
  <testcase name="testCountPartialMatchesFunction()" classname="Test" time="0.173"/>
  <testcase name="testIsWinFunction()" classname="Test" time="0.001"/>
  <testcase name="[1] true, 3, 4, true, false" classname="Test" time="0.018"/>
  <testcase name="[2] true, 4, 4, true, false" classname="Test" time="0.001"/>
  <testcase name="[3] false, 4, 4, false, false" classname="Test" time="0.001"/>
  <testcase name="[4] false, 5, 4, false, true" classname="Test" time="0.0"/>
  <testcase name="[5] false, 3, 4, false, false" classname="Test" time="0.0"/>
  <testcase name="testIsLostFunction()" classname="Test" time="0.007"/>
  <testcase name="[1] 3, ABCDE" classname="Test" time="0.002"/>
  <testcase name="[2] 5, ABCDE" classname="Test" time="0.0"/>
  <testcase name="[3] 3, ABCDEFG" classname="Test" time="0.0"/>
  <testcase name="[4] 5, ABCDEFG" classname="Test" time="0.001"/>
  <testcase name="testGenerateSecretMethodFunction()" classname="Test" time="0.001"/>
  <testcase name="[1] ACEB, BCDF, 1, 1" classname="Test" time="0.002"/>
  <testcase name="[2] ABCD, ABCD, 4, 0" classname="Test" time="0.0"/>
  <testcase name="[3] ABCD, DCBA, 0, 4" classname="Test" time="0.0"/>
  <testcase name="[4] ABCD, DBCA, 2, 2" classname="Test" time="0.001"/>
  <testcase name="[5] ABCD, EBCF, 2, 0" classname="Test" time="0.0"/>
  <testcase name="[6] AAAA, AAAA, 4, 0" classname="Test" time="0.0"/>
  <testcase name="[7] AAAA, BBBB, 0, 0" classname="Test" time="0.0"/>
  <testcase name="[8] AABB, BBAA, 0, 4" classname="Test" time="0.0"/>
  <testcase name="[9] ABCD, ABBA, 2, 0" classname="Test" time="0.0"/>
  <testcase name="[10] ABBA, ABCD, 2, 0" classname="Test" time="0.0"/>
  <testcase name="[11] AAAA, ABBB, 1, 0" classname="Test" time="0.001"/>
  <testcase name="[12] BBBB, BBDH, 2, 0" classname="Test" time="0.0"/>
  <testcase name="[13] AAAA, ABCD, 1, 0" classname="Test" time="0.0"/>
  <testcase name="[1] ABCD, CORRECT" classname="Test" time="0.002"/>
  <testcase name="[2] ABC, INCORRECT_LENGTH" classname="Test" time="0.002"/>
  <testcase name="[3] ABCCC, INCORRECT_LENGTH" classname="Test" time="0.0"/>
  <testcase name="[4] ABCI, INCORRECT_ALPHABET" classname="Test" time="0.0"/>
  <testcase name="[5] ACI, INCORRECT_LENGTH" classname="Test" time="0.0"/>
  <testcase name="testPrintRoundResultsFunction()" classname="Test" time="0.001"/>
  <testcase name="testCountExactMatchesFunction()" classname="Test" time="0.0"/>
  <testcase name="testIsCorrectInputFunction()" classname="Test" time="0.002"/>
  <testcase name="[1] true, 3, 4, true, false" classname="Test" time="0.0"/>
  <testcase name="[2] true, 4, 4, true, false" classname="Test" time="0.001"/>
  <testcase name="[3] false, 4, 4, false, false" classname="Test" time="0.001"/>
  <testcase name="[4] false, 5, 4, false, true" classname="Test" time="0.0"/>
  <testcase name="[5] false, 3, 4, false, false" classname="Test" time="0.0"/>
  <testcase name="testGenerateSecretFunction()" classname="Test" time="0.001"/>
  <testcase name="[1] ACEB, BCDF, 1, 1" classname="Test" time="0.0"/>
  <testcase name="[2] ABCD, ABCD, 4, 0" classname="Test" time="0.0"/>
  <testcase name="[3] ABCD, DCBA, 0, 4" classname="Test" time="0.0"/>
  <testcase name="[4] ABCD, DBCA, 2, 2" classname="Test" time="0.001"/>
  <testcase name="[5] ABCD, EBCF, 2, 0" classname="Test" time="0.0"/>
  <testcase name="[6] AAAA, AAAA, 4, 0" classname="Test" time="0.0"/>
  <testcase name="[7] AAAA, BBBB, 0, 0" classname="Test" time="0.001"/>
  <testcase name="[8] AABB, BBAA, 0, 4" classname="Test" time="0.0"/>
  <testcase name="[9] ABCD, ABBA, 2, 0" classname="Test" time="0.001"/>
  <testcase name="[10] ABBA, ABCD, 2, 0" classname="Test" time="0.0"/>
  <testcase name="[11] AAAA, ABBB, 1, 0" classname="Test" time="0.0"/>
  <testcase name="[12] BBBB, BBDH, 2, 0" classname="Test" time="0.0"/>
  <testcase name="[13] AAAA, ABCD, 1, 0" classname="Test" time="0.0"/>
  <testcase name="testGetGameRulesFunction()" classname="Test" time="0.004"/>
  <testcase name="testIsCompleteFunction()" classname="Test" time="0.0"/>
  <testcase name="[1] ACEB, BCDF, false" classname="Test" time="0.002"/>
  <testcase name="[2] ACEB, ACEB, true" classname="Test" time="0.0"/>
  <system-out><![CDATA[The length of your guess should be 4 characters! Try again!
The length of your guess should be 4 characters! Try again!
All symbols in your guess should be the ABCDEFG alphabet characters! Try again!
The length of your guess should be 4 characters! Try again!
]]></system-out>
  <system-err><![CDATA[]]></system-err>
</testsuite>
